#
# There is insufficient memory for the Java Runtime Environment to continue.
# Native memory allocation (malloc) failed to allocate 637936 bytes for Chunk::new
# Possible reasons:
#   The system is out of physical RAM or swap space
#   The process is running with CompressedOops enabled, and the Java Heap may be blocking the growth of the native heap
# Possible solutions:
#   Reduce memory load on the system
#   Increase physical memory or swap space
#   Check if swap backing store is full
#   Decrease Java heap size (-Xmx/-Xms)
#   Decrease number of Java threads
#   Decrease Java thread stack sizes (-Xss)
#   Set larger code cache with -XX:ReservedCodeCacheSize=
#   JVM is running with Unscaled Compressed Oops mode in which the Java heap is
#     placed in the first 4GB address space. The Java Heap base address is the
#     maximum limit for the native heap growth. Please use -XX:HeapBaseMinAddress
#     to set the Java Heap base and to place the Java Heap above 4GB virtual address.
# This output file may be truncated or incomplete.
#
#  Out of Memory Error (arena.cpp:184), pid=21260, tid=600
#
# JRE version: Java(TM) SE Runtime Environment (20.0+36) (build 20+36-2344)
# Java VM: Java HotSpot(TM) 64-Bit Server VM (20+36-2344, mixed mode, sharing, tiered, compressed oops, compressed class ptrs, g1 gc, windows-amd64)
# No core dump will be written. Minidumps are not enabled by default on client versions of Windows
#

---------------  S U M M A R Y ------------

Command Line: --module-path=C:\Users\HP\.m2\repository\org\openjfx\javafx-base\21.0.2\javafx-base-21.0.2-win.jar;C:\Users\HP\.m2\repository\org\openjfx\javafx-base\21.0.2\javafx-base-21.0.2.jar;C:\Users\HP\.m2\repository\org\openjfx\javafx-controls\21.0.2\javafx-controls-21.0.2-win.jar;C:\Users\HP\.m2\repository\org\openjfx\javafx-controls\21.0.2\javafx-controls-21.0.2.jar;C:\Users\HP\.m2\repository\org\openjfx\javafx-fxml\21.0.2\javafx-fxml-21.0.2-win.jar;C:\Users\HP\.m2\repository\org\openjfx\javafx-fxml\21.0.2\javafx-fxml-21.0.2.jar;C:\Users\HP\.m2\repository\org\openjfx\javafx-graphics\21.0.2\javafx-graphics-21.0.2-win.jar;C:\Users\HP\.m2\repository\org\openjfx\javafx-graphics\21.0.2\javafx-graphics-21.0.2.jar --add-modules=javafx.base,javafx.controls,javafx.fxml,javafx.graphics tests.tn.esprit.MainFX

Host: AMD Ryzen 5 5600H with Radeon Graphics         , 12 cores, 7G,  Windows 11 , 64 bit Build 22621 (10.0.22621.3374)
Time: Sun May  5 21:46:39 2024 Afr. centrale Ouest elapsed time: 1.328008 seconds (0d 0h 0m 1s)

---------------  T H R E A D  ---------------

Current thread (0x0000018e49895e30):  JavaThread "C2 CompilerThread2" daemon [_thread_in_native, id=600, stack(0x000000677ed00000,0x000000677ee00000)]


Current CompileTask:
C2:   1328 2539       4       javafx.scene.CssStyleHelper::resolveLookups (463 bytes)

Stack: [0x000000677ed00000,0x000000677ee00000]
Native frames: (J=compiled Java code, j=interpreted, Vv=VM code, C=native code)
V  [jvm.dll+0x6bb95a]
V  [jvm.dll+0x8483aa]
V  [jvm.dll+0x849fa5]
V  [jvm.dll+0x84a6a3]
V  [jvm.dll+0x280b0f]
V  [jvm.dll+0xc2b11]
V  [jvm.dll+0xc2e35]
V  [jvm.dll+0x3bb142]
V  [jvm.dll+0x3857f5]
V  [jvm.dll+0x384c6a]
V  [jvm.dll+0x24b259]
V  [jvm.dll+0x24a651]
V  [jvm.dll+0x1ce491]
V  [jvm.dll+0x259e1b]
V  [jvm.dll+0x2584f0]
V  [jvm.dll+0x3f2895]
V  [jvm.dll+0x7f4906]
V  [jvm.dll+0x6ba5cb]
C  [ucrtbase.dll+0x29333]
C  [KERNEL32.DLL+0x1257d]
C  [ntdll.dll+0x5aa48]


---------------  P R O C E S S  ---------------

Threads class SMR info:
_java_thread_list=0x0000018e53e28000, length=20, elements={
0x0000018e2ab6e7a0, 0x0000018e4985d500, 0x0000018e4985e5b0, 0x0000018e498637b0,
0x0000018e498640f0, 0x0000018e49866310, 0x0000018e4988bc50, 0x0000018e498911b0,
0x0000018e49896950, 0x0000018e4dcc35f0, 0x0000018e49894260, 0x0000018e49895e30,
0x0000018e4e0eb3d0, 0x0000018e4e1a3a60, 0x0000018e4e552410, 0x0000018e4e557a50,
0x0000018e4e69cd70, 0x0000018e4e69b2e0, 0x0000018e4e69a2f0, 0x0000018e4e69bd80
}

Java Threads: ( => current thread )
  0x0000018e2ab6e7a0 JavaThread "main" [_thread_blocked, id=21444, stack(0x000000677dc00000,0x000000677dd00000)]
  0x0000018e4985d500 JavaThread "Reference Handler" daemon [_thread_blocked, id=2344, stack(0x000000677e300000,0x000000677e400000)]
  0x0000018e4985e5b0 JavaThread "Finalizer" daemon [_thread_blocked, id=10852, stack(0x000000677e400000,0x000000677e500000)]
  0x0000018e498637b0 JavaThread "Signal Dispatcher" daemon [_thread_blocked, id=10344, stack(0x000000677e500000,0x000000677e600000)]
  0x0000018e498640f0 JavaThread "Attach Listener" daemon [_thread_blocked, id=13636, stack(0x000000677e600000,0x000000677e700000)]
  0x0000018e49866310 JavaThread "Service Thread" daemon [_thread_blocked, id=23668, stack(0x000000677e700000,0x000000677e800000)]
  0x0000018e4988bc50 JavaThread "Monitor Deflation Thread" daemon [_thread_blocked, id=4236, stack(0x000000677e800000,0x000000677e900000)]
  0x0000018e498911b0 JavaThread "C2 CompilerThread0" daemon [_thread_blocked, id=4792, stack(0x000000677e900000,0x000000677ea00000)]
  0x0000018e49896950 JavaThread "C1 CompilerThread0" daemon [_thread_blocked, id=10340, stack(0x000000677ea00000,0x000000677eb00000)]
  0x0000018e4dcc35f0 JavaThread "Common-Cleaner" daemon [_thread_blocked, id=2204, stack(0x000000677eb00000,0x000000677ec00000)]
  0x0000018e49894260 JavaThread "C2 CompilerThread1" daemon [_thread_blocked, id=17088, stack(0x000000677ec00000,0x000000677ed00000)]
=>0x0000018e49895e30 JavaThread "C2 CompilerThread2" daemon [_thread_in_native, id=600, stack(0x000000677ed00000,0x000000677ee00000)]
  0x0000018e4e0eb3d0 JavaThread "Notification Thread" daemon [_thread_blocked, id=24884, stack(0x000000677ee00000,0x000000677ef00000)]
  0x0000018e4e1a3a60 JavaThread "QuantumRenderer-0" daemon [_thread_blocked, id=3660, stack(0x000000677f000000,0x000000677f100000)]
  0x0000018e4e552410 JavaThread "InvokeLaterDispatcher" daemon [_thread_blocked, id=13148, stack(0x000000677f300000,0x000000677f400000)]
  0x0000018e4e557a50 JavaThread "JavaFX Application Thread" [_thread_in_native, id=2936, stack(0x000000677f400000,0x000000677f500000)]
  0x0000018e4e69cd70 JavaThread "JavaFX-Launcher" [_thread_blocked, id=9452, stack(0x000000677fe00000,0x000000677ff00000)]
  0x0000018e4e69b2e0 JavaThread "Thread-2" daemon [_thread_in_native, id=25592, stack(0x000000677fd00000,0x000000677fe00000)]
  0x0000018e4e69a2f0 JavaThread "mysql-cj-abandoned-connection-cleanup" daemon [_thread_blocked, id=24024, stack(0x0000006700400000,0x0000006700500000)]
  0x0000018e4e69bd80 JavaThread "Prism Font Disposer" daemon [_thread_blocked, id=3892, stack(0x0000006700500000,0x0000006700600000)]

Other Threads:
  0x0000018e49841220 VMThread "VM Thread" [stack: 0x000000677e200000,0x000000677e300000] [id=16292]
  0x0000018e4e0ec930 WatcherThread "VM Periodic Task Thread" [stack: 0x000000677ef00000,0x000000677f000000] [id=3560]
  0x0000018e2cde43e0 WorkerThread "GC Thread#0" [stack: 0x000000677dd00000,0x000000677de00000] [id=16428]
  0x0000018e4e46c120 WorkerThread "GC Thread#1" [stack: 0x000000677ff00000,0x0000006780000000] [id=19452]
  0x0000018e4e46a7d0 WorkerThread "GC Thread#2" [stack: 0x0000006700000000,0x0000006700100000] [id=25216]
  0x0000018e4e46ad70 WorkerThread "GC Thread#3" [stack: 0x0000006700100000,0x0000006700200000] [id=22080]
  0x0000018e4e46aaa0 WorkerThread "GC Thread#4" [stack: 0x0000006700200000,0x0000006700300000] [id=16216]
  0x0000018e4e46b310 WorkerThread "GC Thread#5" [stack: 0x0000006700300000,0x0000006700400000] [id=19820]
  0x0000018e53667b40 WorkerThread "GC Thread#6" [stack: 0x0000006700700000,0x0000006700800000] [id=23244]
  0x0000018e536672d0 WorkerThread "GC Thread#7" [stack: 0x0000006700800000,0x0000006700900000] [id=22248]
  0x0000018e53668950 WorkerThread "GC Thread#8" [stack: 0x0000006700900000,0x0000006700a00000] [id=18140]
  0x0000018e536675a0 WorkerThread "GC Thread#9" [stack: 0x0000006700a00000,0x0000006700b00000] [id=3280]
  0x0000018e2cdf3e90 ConcurrentGCThread "G1 Main Marker" [stack: 0x000000677de00000,0x000000677df00000] [id=23724]
  0x0000018e2cdf4f60 WorkerThread "G1 Conc#0" [stack: 0x000000677df00000,0x000000677e000000] [id=11792]
  0x0000018e496fd130 ConcurrentGCThread "G1 Refine#0" [stack: 0x000000677e000000,0x000000677e100000] [id=24596]
  0x0000018e49700af0 ConcurrentGCThread "G1 Service" [stack: 0x000000677e100000,0x000000677e200000] [id=10728]

Threads with active compile tasks:
C2 CompilerThread2     1342 2539       4       javafx.scene.CssStyleHelper::resolveLookups (463 bytes)

VM state: not at safepoint (normal execution)

VM Mutex/Monitor currently owned by a thread: None

Heap address: 0x000000008a800000, size: 1880 MB, Compressed Oops mode: 32-bit

CDS archive(s) mapped at: [0x0000000800000000-0x0000000800c60000-0x0000000800c60000), size 12976128, SharedBaseAddress: 0x0000000800000000, ArchiveRelocationMode: 0.
Compressed class space mapped at: 0x0000000801000000-0x0000000841000000, reserved size: 1073741824
Narrow klass base: 0x0000000800000000, Narrow klass shift: 0, Narrow klass range: 0x100000000

GC Precious Log:
 CardTable entry size: 512
 Card Set container configuration: InlinePtr #cards 5 size 8 Array Of Cards #cards 12 size 40 Howl #buckets 4 coarsen threshold 1843 Howl Bitmap #cards 512 size 80 coarsen threshold 460 Card regions per heap region 1 cards per card region 2048
 CPUs: 12 total, 12 available
 Memory: 7519M
 Large Page Support: Disabled
 NUMA Support: Disabled
 Compressed Oops: Enabled (32-bit)
 Heap Region Size: 1M
 Heap Min Capacity: 8M
 Heap Initial Capacity: 118M
 Heap Max Capacity: 1880M
 Pre-touch: Disabled
 Parallel Workers: 10
 Concurrent Workers: 3
 Concurrent Refinement Workers: 10
 Periodic GC: Disabled

Heap:
 garbage-first heap   total 120832K, used 29754K [0x000000008a800000, 0x0000000100000000)
  region size 1024K, 26 young (26624K), 5 survivors (5120K)
 Metaspace       used 19403K, committed 19776K, reserved 1114112K
  class space    used 2852K, committed 3008K, reserved 1048576K

Heap Regions: E=young(eden), S=young(survivor), O=old, HS=humongous(starts), HC=humongous(continues), CS=collection set, F=free, OA=open archive, CA=closed archive, TAMS=top-at-mark-start, PB=parsable bottom
|   0|0x000000008a800000, 0x000000008a900000, 0x000000008a900000|100%| O|  |TAMS 0x000000008a800000| PB 0x000000008a800000| Untracked 
|   1|0x000000008a900000, 0x000000008aa00000, 0x000000008aa00000|100%| O|  |TAMS 0x000000008a900000| PB 0x000000008a900000| Untracked 
|   2|0x000000008aa00000, 0x000000008ab00000, 0x000000008ab00000|100%| O|  |TAMS 0x000000008aa00000| PB 0x000000008aa00000| Untracked 
|   3|0x000000008ab00000, 0x000000008ac00000, 0x000000008ac00000|100%| O|  |TAMS 0x000000008ab00000| PB 0x000000008ab00000| Untracked 
|   4|0x000000008ac00000, 0x000000008ac66000, 0x000000008ad00000| 39%| O|  |TAMS 0x000000008ac00000| PB 0x000000008ac00000| Untracked 
|   5|0x000000008ad00000, 0x000000008ad00000, 0x000000008ae00000|  0%| F|  |TAMS 0x000000008ad00000| PB 0x000000008ad00000| Untracked 
|   6|0x000000008ae00000, 0x000000008ae00000, 0x000000008af00000|  0%| F|  |TAMS 0x000000008ae00000| PB 0x000000008ae00000| Untracked 
|   7|0x000000008af00000, 0x000000008af00000, 0x000000008b000000|  0%| F|  |TAMS 0x000000008af00000| PB 0x000000008af00000| Untracked 
|   8|0x000000008b000000, 0x000000008b000000, 0x000000008b100000|  0%| F|  |TAMS 0x000000008b000000| PB 0x000000008b000000| Untracked 
|   9|0x000000008b100000, 0x000000008b100000, 0x000000008b200000|  0%| F|  |TAMS 0x000000008b100000| PB 0x000000008b100000| Untracked 
|  10|0x000000008b200000, 0x000000008b200000, 0x000000008b300000|  0%| F|  |TAMS 0x000000008b200000| PB 0x000000008b200000| Untracked 
|  11|0x000000008b300000, 0x000000008b300000, 0x000000008b400000|  0%| F|  |TAMS 0x000000008b300000| PB 0x000000008b300000| Untracked 
|  12|0x000000008b400000, 0x000000008b400000, 0x000000008b500000|  0%| F|  |TAMS 0x000000008b400000| PB 0x000000008b400000| Untracked 
|  13|0x000000008b500000, 0x000000008b500000, 0x000000008b600000|  0%| F|  |TAMS 0x000000008b500000| PB 0x000000008b500000| Untracked 
|  14|0x000000008b600000, 0x000000008b600000, 0x000000008b700000|  0%| F|  |TAMS 0x000000008b600000| PB 0x000000008b600000| Untracked 
|  15|0x000000008b700000, 0x000000008b700000, 0x000000008b800000|  0%| F|  |TAMS 0x000000008b700000| PB 0x000000008b700000| Untracked 
|  16|0x000000008b800000, 0x000000008b800000, 0x000000008b900000|  0%| F|  |TAMS 0x000000008b800000| PB 0x000000008b800000| Untracked 
|  17|0x000000008b900000, 0x000000008b900000, 0x000000008ba00000|  0%| F|  |TAMS 0x000000008b900000| PB 0x000000008b900000| Untracked 
|  18|0x000000008ba00000, 0x000000008ba00000, 0x000000008bb00000|  0%| F|  |TAMS 0x000000008ba00000| PB 0x000000008ba00000| Untracked 
|  19|0x000000008bb00000, 0x000000008bb00000, 0x000000008bc00000|  0%| F|  |TAMS 0x000000008bb00000| PB 0x000000008bb00000| Untracked 
|  20|0x000000008bc00000, 0x000000008bc00000, 0x000000008bd00000|  0%| F|  |TAMS 0x000000008bc00000| PB 0x000000008bc00000| Untracked 
|  21|0x000000008bd00000, 0x000000008bd00000, 0x000000008be00000|  0%| F|  |TAMS 0x000000008bd00000| PB 0x000000008bd00000| Untracked 
|  22|0x000000008be00000, 0x000000008be00000, 0x000000008bf00000|  0%| F|  |TAMS 0x000000008be00000| PB 0x000000008be00000| Untracked 
|  23|0x000000008bf00000, 0x000000008bf00000, 0x000000008c000000|  0%| F|  |TAMS 0x000000008bf00000| PB 0x000000008bf00000| Untracked 
|  24|0x000000008c000000, 0x000000008c000000, 0x000000008c100000|  0%| F|  |TAMS 0x000000008c000000| PB 0x000000008c000000| Untracked 
|  25|0x000000008c100000, 0x000000008c100000, 0x000000008c200000|  0%| F|  |TAMS 0x000000008c100000| PB 0x000000008c100000| Untracked 
|  26|0x000000008c200000, 0x000000008c200000, 0x000000008c300000|  0%| F|  |TAMS 0x000000008c200000| PB 0x000000008c200000| Untracked 
|  27|0x000000008c300000, 0x000000008c300000, 0x000000008c400000|  0%| F|  |TAMS 0x000000008c300000| PB 0x000000008c300000| Untracked 
|  28|0x000000008c400000, 0x000000008c400000, 0x000000008c500000|  0%| F|  |TAMS 0x000000008c400000| PB 0x000000008c400000| Untracked 
|  29|0x000000008c500000, 0x000000008c500000, 0x000000008c600000|  0%| F|  |TAMS 0x000000008c500000| PB 0x000000008c500000| Untracked 
|  30|0x000000008c600000, 0x000000008c600000, 0x000000008c700000|  0%| F|  |TAMS 0x000000008c600000| PB 0x000000008c600000| Untracked 
|  31|0x000000008c700000, 0x000000008c700000, 0x000000008c800000|  0%| F|  |TAMS 0x000000008c700000| PB 0x000000008c700000| Untracked 
|  32|0x000000008c800000, 0x000000008c800000, 0x000000008c900000|  0%| F|  |TAMS 0x000000008c800000| PB 0x000000008c800000| Untracked 
|  33|0x000000008c900000, 0x000000008c900000, 0x000000008ca00000|  0%| F|  |TAMS 0x000000008c900000| PB 0x000000008c900000| Untracked 
|  34|0x000000008ca00000, 0x000000008ca00000, 0x000000008cb00000|  0%| F|  |TAMS 0x000000008ca00000| PB 0x000000008ca00000| Untracked 
|  35|0x000000008cb00000, 0x000000008cb00000, 0x000000008cc00000|  0%| F|  |TAMS 0x000000008cb00000| PB 0x000000008cb00000| Untracked 
|  36|0x000000008cc00000, 0x000000008cc00000, 0x000000008cd00000|  0%| F|  |TAMS 0x000000008cc00000| PB 0x000000008cc00000| Untracked 
|  37|0x000000008cd00000, 0x000000008cd00000, 0x000000008ce00000|  0%| F|  |TAMS 0x000000008cd00000| PB 0x000000008cd00000| Untracked 
|  38|0x000000008ce00000, 0x000000008ce00000, 0x000000008cf00000|  0%| F|  |TAMS 0x000000008ce00000| PB 0x000000008ce00000| Untracked 
|  39|0x000000008cf00000, 0x000000008cf00000, 0x000000008d000000|  0%| F|  |TAMS 0x000000008cf00000| PB 0x000000008cf00000| Untracked 
|  40|0x000000008d000000, 0x000000008d000000, 0x000000008d100000|  0%| F|  |TAMS 0x000000008d000000| PB 0x000000008d000000| Untracked 
|  41|0x000000008d100000, 0x000000008d100000, 0x000000008d200000|  0%| F|  |TAMS 0x000000008d100000| PB 0x000000008d100000| Untracked 
|  42|0x000000008d200000, 0x000000008d200000, 0x000000008d300000|  0%| F|  |TAMS 0x000000008d200000| PB 0x000000008d200000| Untracked 
|  43|0x000000008d300000, 0x000000008d300000, 0x000000008d400000|  0%| F|  |TAMS 0x000000008d300000| PB 0x000000008d300000| Untracked 
|  44|0x000000008d400000, 0x000000008d400000, 0x000000008d500000|  0%| F|  |TAMS 0x000000008d400000| PB 0x000000008d400000| Untracked 
|  45|0x000000008d500000, 0x000000008d500000, 0x000000008d600000|  0%| F|  |TAMS 0x000000008d500000| PB 0x000000008d500000| Untracked 
|  46|0x000000008d600000, 0x000000008d600000, 0x000000008d700000|  0%| F|  |TAMS 0x000000008d600000| PB 0x000000008d600000| Untracked 
|  47|0x000000008d700000, 0x000000008d700000, 0x000000008d800000|  0%| F|  |TAMS 0x000000008d700000| PB 0x000000008d700000| Untracked 
|  48|0x000000008d800000, 0x000000008d800000, 0x000000008d900000|  0%| F|  |TAMS 0x000000008d800000| PB 0x000000008d800000| Untracked 
|  49|0x000000008d900000, 0x000000008d900000, 0x000000008da00000|  0%| F|  |TAMS 0x000000008d900000| PB 0x000000008d900000| Untracked 
|  50|0x000000008da00000, 0x000000008da00000, 0x000000008db00000|  0%| F|  |TAMS 0x000000008da00000| PB 0x000000008da00000| Untracked 
|  51|0x000000008db00000, 0x000000008db00000, 0x000000008dc00000|  0%| F|  |TAMS 0x000000008db00000| PB 0x000000008db00000| Untracked 
|  52|0x000000008dc00000, 0x000000008dc00000, 0x000000008dd00000|  0%| F|  |TAMS 0x000000008dc00000| PB 0x000000008dc00000| Untracked 
|  53|0x000000008dd00000, 0x000000008dd00000, 0x000000008de00000|  0%| F|  |TAMS 0x000000008dd00000| PB 0x000000008dd00000| Untracked 
|  54|0x000000008de00000, 0x000000008de00000, 0x000000008df00000|  0%| F|  |TAMS 0x000000008de00000| PB 0x000000008de00000| Untracked 
|  55|0x000000008df00000, 0x000000008df00000, 0x000000008e000000|  0%| F|  |TAMS 0x000000008df00000| PB 0x000000008df00000| Untracked 
|  56|0x000000008e000000, 0x000000008e000000, 0x000000008e100000|  0%| F|  |TAMS 0x000000008e000000| PB 0x000000008e000000| Untracked 
|  57|0x000000008e100000, 0x000000008e100000, 0x000000008e200000|  0%| F|  |TAMS 0x000000008e100000| PB 0x000000008e100000| Untracked 
|  58|0x000000008e200000, 0x000000008e200000, 0x000000008e300000|  0%| F|  |TAMS 0x000000008e200000| PB 0x000000008e200000| Untracked 
|  59|0x000000008e300000, 0x000000008e300000, 0x000000008e400000|  0%| F|  |TAMS 0x000000008e300000| PB 0x000000008e300000| Untracked 
|  60|0x000000008e400000, 0x000000008e400000, 0x000000008e500000|  0%| F|  |TAMS 0x000000008e400000| PB 0x000000008e400000| Untracked 
|  61|0x000000008e500000, 0x000000008e500000, 0x000000008e600000|  0%| F|  |TAMS 0x000000008e500000| PB 0x000000008e500000| Untracked 
|  62|0x000000008e600000, 0x000000008e600000, 0x000000008e700000|  0%| F|  |TAMS 0x000000008e600000| PB 0x000000008e600000| Untracked 
|  63|0x000000008e700000, 0x000000008e700000, 0x000000008e800000|  0%| F|  |TAMS 0x000000008e700000| PB 0x000000008e700000| Untracked 
|  64|0x000000008e800000, 0x000000008e800000, 0x000000008e900000|  0%| F|  |TAMS 0x000000008e800000| PB 0x000000008e800000| Untracked 
|  65|0x000000008e900000, 0x000000008e900000, 0x000000008ea00000|  0%| F|  |TAMS 0x000000008e900000| PB 0x000000008e900000| Untracked 
|  66|0x000000008ea00000, 0x000000008ea00000, 0x000000008eb00000|  0%| F|  |TAMS 0x000000008ea00000| PB 0x000000008ea00000| Untracked 
|  67|0x000000008eb00000, 0x000000008eb00000, 0x000000008ec00000|  0%| F|  |TAMS 0x000000008eb00000| PB 0x000000008eb00000| Untracked 
|  68|0x000000008ec00000, 0x000000008ec00000, 0x000000008ed00000|  0%| F|  |TAMS 0x000000008ec00000| PB 0x000000008ec00000| Untracked 
|  69|0x000000008ed00000, 0x000000008ed00000, 0x000000008ee00000|  0%| F|  |TAMS 0x000000008ed00000| PB 0x000000008ed00000| Untracked 
|  70|0x000000008ee00000, 0x000000008ee00000, 0x000000008ef00000|  0%| F|  |TAMS 0x000000008ee00000| PB 0x000000008ee00000| Untracked 
|  71|0x000000008ef00000, 0x000000008ef00000, 0x000000008f000000|  0%| F|  |TAMS 0x000000008ef00000| PB 0x000000008ef00000| Untracked 
|  72|0x000000008f000000, 0x000000008f000000, 0x000000008f100000|  0%| F|  |TAMS 0x000000008f000000| PB 0x000000008f000000| Untracked 
|  73|0x000000008f100000, 0x000000008f100000, 0x000000008f200000|  0%| F|  |TAMS 0x000000008f100000| PB 0x000000008f100000| Untracked 
|  74|0x000000008f200000, 0x000000008f200000, 0x000000008f300000|  0%| F|  |TAMS 0x000000008f200000| PB 0x000000008f200000| Untracked 
|  75|0x000000008f300000, 0x000000008f300000, 0x000000008f400000|  0%| F|  |TAMS 0x000000008f300000| PB 0x000000008f300000| Untracked 
|  76|0x000000008f400000, 0x000000008f400000, 0x000000008f500000|  0%| F|  |TAMS 0x000000008f400000| PB 0x000000008f400000| Untracked 
|  77|0x000000008f500000, 0x000000008f500000, 0x000000008f600000|  0%| F|  |TAMS 0x000000008f500000| PB 0x000000008f500000| Untracked 
|  78|0x000000008f600000, 0x000000008f6a8900, 0x000000008f700000| 65%| S|CS|TAMS 0x000000008f600000| PB 0x000000008f600000| Complete 
|  79|0x000000008f700000, 0x000000008f800000, 0x000000008f800000|100%| S|CS|TAMS 0x000000008f700000| PB 0x000000008f700000| Complete 
|  80|0x000000008f800000, 0x000000008f900000, 0x000000008f900000|100%| S|CS|TAMS 0x000000008f800000| PB 0x000000008f800000| Complete 
|  81|0x000000008f900000, 0x000000008fa00000, 0x000000008fa00000|100%| S|CS|TAMS 0x000000008f900000| PB 0x000000008f900000| Complete 
|  82|0x000000008fa00000, 0x000000008fb00000, 0x000000008fb00000|100%| S|CS|TAMS 0x000000008fa00000| PB 0x000000008fa00000| Complete 
|  83|0x000000008fb00000, 0x000000008fb00000, 0x000000008fc00000|  0%| F|  |TAMS 0x000000008fb00000| PB 0x000000008fb00000| Untracked 
|  84|0x000000008fc00000, 0x000000008fc00000, 0x000000008fd00000|  0%| F|  |TAMS 0x000000008fc00000| PB 0x000000008fc00000| Untracked 
|  85|0x000000008fd00000, 0x000000008fd00000, 0x000000008fe00000|  0%| F|  |TAMS 0x000000008fd00000| PB 0x000000008fd00000| Untracked 
|  86|0x000000008fe00000, 0x000000008fe00000, 0x000000008ff00000|  0%| F|  |TAMS 0x000000008fe00000| PB 0x000000008fe00000| Untracked 
|  87|0x000000008ff00000, 0x000000008ff00000, 0x0000000090000000|  0%| F|  |TAMS 0x000000008ff00000| PB 0x000000008ff00000| Untracked 
|  88|0x0000000090000000, 0x0000000090000000, 0x0000000090100000|  0%| F|  |TAMS 0x0000000090000000| PB 0x0000000090000000| Untracked 
|  89|0x0000000090100000, 0x0000000090100000, 0x0000000090200000|  0%| F|  |TAMS 0x0000000090100000| PB 0x0000000090100000| Untracked 
|  90|0x0000000090200000, 0x0000000090200000, 0x0000000090300000|  0%| F|  |TAMS 0x0000000090200000| PB 0x0000000090200000| Untracked 
|  91|0x0000000090300000, 0x0000000090300000, 0x0000000090400000|  0%| F|  |TAMS 0x0000000090300000| PB 0x0000000090300000| Untracked 
|  92|0x0000000090400000, 0x0000000090400000, 0x0000000090500000|  0%| F|  |TAMS 0x0000000090400000| PB 0x0000000090400000| Untracked 
|  93|0x0000000090500000, 0x0000000090500000, 0x0000000090600000|  0%| F|  |TAMS 0x0000000090500000| PB 0x0000000090500000| Untracked 
|  94|0x0000000090600000, 0x0000000090600000, 0x0000000090700000|  0%| F|  |TAMS 0x0000000090600000| PB 0x0000000090600000| Untracked 
|  95|0x0000000090700000, 0x0000000090700000, 0x0000000090800000|  0%| F|  |TAMS 0x0000000090700000| PB 0x0000000090700000| Untracked 
|  96|0x0000000090800000, 0x0000000090800000, 0x0000000090900000|  0%| F|  |TAMS 0x0000000090800000| PB 0x0000000090800000| Untracked 
|  97|0x0000000090900000, 0x0000000090a00000, 0x0000000090a00000|100%| E|  |TAMS 0x0000000090900000| PB 0x0000000090900000| Complete 
|  98|0x0000000090a00000, 0x0000000090b00000, 0x0000000090b00000|100%| E|CS|TAMS 0x0000000090a00000| PB 0x0000000090a00000| Complete 
|  99|0x0000000090b00000, 0x0000000090c00000, 0x0000000090c00000|100%| E|CS|TAMS 0x0000000090b00000| PB 0x0000000090b00000| Complete 
| 100|0x0000000090c00000, 0x0000000090d00000, 0x0000000090d00000|100%| E|CS|TAMS 0x0000000090c00000| PB 0x0000000090c00000| Complete 
| 101|0x0000000090d00000, 0x0000000090e00000, 0x0000000090e00000|100%| E|CS|TAMS 0x0000000090d00000| PB 0x0000000090d00000| Complete 
| 102|0x0000000090e00000, 0x0000000090f00000, 0x0000000090f00000|100%| E|CS|TAMS 0x0000000090e00000| PB 0x0000000090e00000| Complete 
| 103|0x0000000090f00000, 0x0000000091000000, 0x0000000091000000|100%| E|CS|TAMS 0x0000000090f00000| PB 0x0000000090f00000| Complete 
| 104|0x0000000091000000, 0x0000000091100000, 0x0000000091100000|100%| E|CS|TAMS 0x0000000091000000| PB 0x0000000091000000| Complete 
| 105|0x0000000091100000, 0x0000000091200000, 0x0000000091200000|100%| E|CS|TAMS 0x0000000091100000| PB 0x0000000091100000| Complete 
| 106|0x0000000091200000, 0x0000000091300000, 0x0000000091300000|100%| E|CS|TAMS 0x0000000091200000| PB 0x0000000091200000| Complete 
| 107|0x0000000091300000, 0x0000000091400000, 0x0000000091400000|100%| E|CS|TAMS 0x0000000091300000| PB 0x0000000091300000| Complete 
| 108|0x0000000091400000, 0x0000000091500000, 0x0000000091500000|100%| E|CS|TAMS 0x0000000091400000| PB 0x0000000091400000| Complete 
| 109|0x0000000091500000, 0x0000000091600000, 0x0000000091600000|100%| E|CS|TAMS 0x0000000091500000| PB 0x0000000091500000| Complete 
| 110|0x0000000091600000, 0x0000000091700000, 0x0000000091700000|100%| E|CS|TAMS 0x0000000091600000| PB 0x0000000091600000| Complete 
| 111|0x0000000091700000, 0x0000000091800000, 0x0000000091800000|100%| E|CS|TAMS 0x0000000091700000| PB 0x0000000091700000| Complete 
| 112|0x0000000091800000, 0x0000000091900000, 0x0000000091900000|100%| E|CS|TAMS 0x0000000091800000| PB 0x0000000091800000| Complete 
| 113|0x0000000091900000, 0x0000000091a00000, 0x0000000091a00000|100%| E|CS|TAMS 0x0000000091900000| PB 0x0000000091900000| Complete 
| 114|0x0000000091a00000, 0x0000000091b00000, 0x0000000091b00000|100%| E|CS|TAMS 0x0000000091a00000| PB 0x0000000091a00000| Complete 
| 115|0x0000000091b00000, 0x0000000091c00000, 0x0000000091c00000|100%| E|CS|TAMS 0x0000000091b00000| PB 0x0000000091b00000| Complete 
| 116|0x0000000091c00000, 0x0000000091d00000, 0x0000000091d00000|100%| E|CS|TAMS 0x0000000091c00000| PB 0x0000000091c00000| Complete 
| 117|0x0000000091d00000, 0x0000000091e00000, 0x0000000091e00000|100%| E|CS|TAMS 0x0000000091d00000| PB 0x0000000091d00000| Complete 

Card table byte_map: [0x0000018e44740000,0x0000018e44af0000] _byte_map_base: 0x0000018e442ec000

Marking Bits: (CMBitMap*) 0x0000018e2cde4910
 Bits: [0x0000018e44ea0000, 0x0000018e46c00000)

Polling page: 0x0000018e2ad60000

Metaspace:

Usage:
  Non-class:     16.16 MB used.
      Class:      2.79 MB used.
       Both:     18.95 MB used.

Virtual space:
  Non-class space:       64.00 MB reserved,      16.38 MB ( 26%) committed,  1 nodes.
      Class space:        1.00 GB reserved,       2.94 MB ( <1%) committed,  1 nodes.
             Both:        1.06 GB reserved,      19.31 MB (  2%) committed. 

Chunk freelists:
   Non-Class:  2.98 MB
       Class:  1.03 MB
        Both:  4.02 MB

MaxMetaspaceSize: unlimited
CompressedClassSpaceSize: 1.00 GB
Initial GC threshold: 21.00 MB
Current GC threshold: 21.00 MB
CDS: on
MetaspaceReclaimPolicy: balanced
 - commit_granule_bytes: 65536.
 - commit_granule_words: 8192.
 - virtual_space_node_default_size: 8388608.
 - enlarge_chunks_in_place: 1.
 - new_chunks_are_fully_committed: 0.
 - uncommit_free_chunks: 1.
 - use_allocation_guard: 0.


Internal statistics:

num_allocs_failed_limit: 0.
num_arena_births: 332.
num_arena_deaths: 0.
num_vsnodes_births: 2.
num_vsnodes_deaths: 0.
num_space_committed: 309.
num_space_uncommitted: 0.
num_chunks_returned_to_freelist: 0.
num_chunks_taken_from_freelist: 980.
num_chunk_merges: 0.
num_chunk_splits: 683.
num_chunks_enlarged: 522.
num_inconsistent_stats: 0.

CodeHeap 'non-profiled nmethods': size=120000Kb used=1197Kb max_used=1197Kb free=118802Kb
 bounds [0x0000018e3c900000, 0x0000018e3cb70000, 0x0000018e43e30000]
CodeHeap 'profiled nmethods': size=120000Kb used=5016Kb max_used=5016Kb free=114983Kb
 bounds [0x0000018e34e30000, 0x0000018e35320000, 0x0000018e3c360000]
CodeHeap 'non-nmethods': size=5760Kb used=1831Kb max_used=1851Kb free=3928Kb
 bounds [0x0000018e3c360000, 0x0000018e3c5d0000, 0x0000018e3c900000]
 total_blobs=3425 nmethods=2629 adapters=706
 compilation: enabled
              stopped_count=0, restarted_count=0
 full_count=0

Compilation events (20 events):
Event: 1.296 Thread 0x0000018e49894260 nmethod 2618 0x0000018e3ca25190 code [0x0000018e3ca25300, 0x0000018e3ca25390]
Event: 1.296 Thread 0x0000018e49894260 2540       4       javafx.css.SizeUnits$1::pixels (8 bytes)
Event: 1.297 Thread 0x0000018e49894260 nmethod 2540 0x0000018e3ca25490 code [0x0000018e3ca25620, 0x0000018e3ca256b8]
Event: 1.297 Thread 0x0000018e49894260 2545       4       java.util.HashMap::afterNodeRemoval (1 bytes)
Event: 1.297 Thread 0x0000018e49894260 nmethod 2545 0x0000018e3ca25790 code [0x0000018e3ca25900, 0x0000018e3ca25988]
Event: 1.297 Thread 0x0000018e49894260 2527       4       javafx.scene.CssStyleHelper::resolveRef (134 bytes)
Event: 1.309 Thread 0x0000018e49894260 nmethod 2527 0x0000018e3ca25a90 code [0x0000018e3ca25ca0, 0x0000018e3ca26560]
Event: 1.310 Thread 0x0000018e49894260 2627       4       java.lang.StringBuilder::toString (9 bytes)
Event: 1.313 Thread 0x0000018e49894260 nmethod 2627 0x0000018e3ca26c90 code [0x0000018e3ca26e20, 0x0000018e3ca27258]
Event: 1.313 Thread 0x0000018e49894260 2583       4       javafx.beans.property.DoublePropertyBase::get (29 bytes)
Event: 1.314 Thread 0x0000018e49894260 nmethod 2583 0x0000018e3ca27490 code [0x0000018e3ca27600, 0x0000018e3ca276c0]
Event: 1.314 Thread 0x0000018e49894260 2626   !   4       java.lang.invoke.MemberName::getMethodType (211 bytes)
Event: 1.315 Thread 0x0000018e49896950 2628       3       java.lang.invoke.LambdaFormEditor$TransformKey::of (51 bytes)
Event: 1.315 Thread 0x0000018e49896950 nmethod 2628 0x0000018e35315090 code [0x0000018e35315280, 0x0000018e35315730]
Event: 1.316 Thread 0x0000018e49894260 nmethod 2626 0x0000018e3ca27790 code [0x0000018e3ca27940, 0x0000018e3ca27e28]
Event: 1.319 Thread 0x0000018e49896950 2629       3       java.lang.String::valueOf (15 bytes)
Event: 1.319 Thread 0x0000018e49896950 nmethod 2629 0x0000018e35315910 code [0x0000018e35315aa0, 0x0000018e35315ca8]
Event: 1.319 Thread 0x0000018e49896950 2630       3       java.nio.CharBuffer::arrayOffset (35 bytes)
Event: 1.319 Thread 0x0000018e49896950 nmethod 2630 0x0000018e35315d90 code [0x0000018e35315f40, 0x0000018e35316218]
Event: 1.325 Thread 0x0000018e498911b0 nmethod 2543 0x0000018e3ca28110 code [0x0000018e3ca28400, 0x0000018e3ca29cf0]

GC Heap History (4 events):
Event: 0.425 GC heap before
{Heap before GC invocations=0 (full 0):
 garbage-first heap   total 120832K, used 22528K [0x000000008a800000, 0x0000000100000000)
  region size 1024K, 23 young (23552K), 0 survivors (0K)
 Metaspace       used 5454K, committed 5696K, reserved 1114112K
  class space    used 602K, committed 704K, reserved 1048576K
}
Event: 0.427 GC heap after
{Heap after GC invocations=1 (full 0):
 garbage-first heap   total 120832K, used 4149K [0x000000008a800000, 0x0000000100000000)
  region size 1024K, 3 young (3072K), 3 survivors (3072K)
 Metaspace       used 5454K, committed 5696K, reserved 1114112K
  class space    used 602K, committed 704K, reserved 1048576K
}
Event: 0.946 GC heap before
{Heap before GC invocations=1 (full 0):
 garbage-first heap   total 120832K, used 36917K [0x000000008a800000, 0x0000000100000000)
  region size 1024K, 35 young (35840K), 3 survivors (3072K)
 Metaspace       used 15434K, committed 15744K, reserved 1114112K
  class space    used 2047K, committed 2240K, reserved 1048576K
}
Event: 0.949 GC heap after
{Heap after GC invocations=2 (full 0):
 garbage-first heap   total 120832K, used 9274K [0x000000008a800000, 0x0000000100000000)
  region size 1024K, 5 young (5120K), 5 survivors (5120K)
 Metaspace       used 15434K, committed 15744K, reserved 1114112K
  class space    used 2047K, committed 2240K, reserved 1048576K
}

Dll operation events (20 events):
Event: 0.209 Loaded shared library C:\Users\HP\.openjfx\cache\21.0.2+5\amd64\api-ms-win-crt-math-l1-1-0.dll
Event: 0.210 Loaded shared library C:\Users\HP\.openjfx\cache\21.0.2+5\amd64\api-ms-win-crt-multibyte-l1-1-0.dll
Event: 0.212 Loaded shared library C:\Users\HP\.openjfx\cache\21.0.2+5\amd64\api-ms-win-crt-private-l1-1-0.dll
Event: 0.213 Loaded shared library C:\Users\HP\.openjfx\cache\21.0.2+5\amd64\api-ms-win-crt-process-l1-1-0.dll
Event: 0.215 Loaded shared library C:\Users\HP\.openjfx\cache\21.0.2+5\amd64\api-ms-win-crt-runtime-l1-1-0.dll
Event: 0.216 Loaded shared library C:\Users\HP\.openjfx\cache\21.0.2+5\amd64\api-ms-win-crt-stdio-l1-1-0.dll
Event: 0.217 Loaded shared library C:\Users\HP\.openjfx\cache\21.0.2+5\amd64\api-ms-win-crt-string-l1-1-0.dll
Event: 0.219 Loaded shared library C:\Users\HP\.openjfx\cache\21.0.2+5\amd64\api-ms-win-crt-time-l1-1-0.dll
Event: 0.220 Loaded shared library C:\Users\HP\.openjfx\cache\21.0.2+5\amd64\api-ms-win-crt-utility-l1-1-0.dll
Event: 0.229 Loaded shared library C:\Users\HP\.openjfx\cache\21.0.2+5\amd64\ucrtbase.dll
Event: 0.231 Loaded shared library C:\Users\HP\.openjfx\cache\21.0.2+5\amd64\vcruntime140.dll
Event: 0.233 Loaded shared library C:\Users\HP\.openjfx\cache\21.0.2+5\amd64\vcruntime140_1.dll
Event: 0.237 Loaded shared library C:\Users\HP\.openjfx\cache\21.0.2+5\amd64\msvcp140.dll
Event: 0.239 Loaded shared library C:\Users\HP\.openjfx\cache\21.0.2+5\amd64\msvcp140_1.dll
Event: 0.242 Loaded shared library C:\Users\HP\.openjfx\cache\21.0.2+5\amd64\msvcp140_2.dll
Event: 0.270 Loaded shared library C:\Users\HP\.openjfx\cache\21.0.2+5\amd64\prism_d3d.dll
Event: 0.319 Loaded shared library C:\Users\HP\.openjfx\cache\21.0.2+5\amd64\glass.dll
Event: 0.387 Loaded shared library C:\Program Files\Java\jdk-20\bin\jimage.dll
Event: 0.516 Loaded shared library C:\Program Files\Java\jdk-20\bin\extnet.dll
Event: 0.648 Loaded shared library C:\Users\HP\.openjfx\cache\21.0.2+5\amd64\javafx_font.dll

Deoptimization events (20 events):
Event: 1.214 Thread 0x0000018e4e557a50 Uncommon trap: trap_request=0xffffff45 fr.pc=0x0000018e3c968b30 relative=0x0000000000000cb0
Event: 1.214 Thread 0x0000018e4e557a50 Uncommon trap: reason=unstable_if action=reinterpret pc=0x0000018e3c968b30 method=java.util.concurrent.ConcurrentHashMap.putVal(Ljava/lang/Object;Ljava/lang/Object;Z)Ljava/lang/Object; @ 231 c2
Event: 1.214 Thread 0x0000018e4e557a50 DEOPT PACKING pc=0x0000018e3c968b30 sp=0x000000677f4fc5c0
Event: 1.214 Thread 0x0000018e4e557a50 DEOPT UNPACKING pc=0x0000018e3c3c9d22 sp=0x000000677f4fc520 mode 2
Event: 1.217 Thread 0x0000018e4e557a50 Uncommon trap: trap_request=0xffffffde fr.pc=0x0000018e3c90ca30 relative=0x00000000000000b0
Event: 1.217 Thread 0x0000018e4e557a50 Uncommon trap: reason=class_check action=maybe_recompile pc=0x0000018e3c90ca30 method=java.lang.Character.codePointAt(Ljava/lang/CharSequence;I)I @ 2 c2
Event: 1.217 Thread 0x0000018e4e557a50 DEOPT PACKING pc=0x0000018e3c90ca30 sp=0x000000677f4fd080
Event: 1.217 Thread 0x0000018e4e557a50 DEOPT UNPACKING pc=0x0000018e3c3c9d22 sp=0x000000677f4fd018 mode 2
Event: 1.217 Thread 0x0000018e4e557a50 Uncommon trap: trap_request=0xffffffde fr.pc=0x0000018e3c90ca30 relative=0x00000000000000b0
Event: 1.217 Thread 0x0000018e4e557a50 Uncommon trap: reason=class_check action=maybe_recompile pc=0x0000018e3c90ca30 method=java.lang.Character.codePointAt(Ljava/lang/CharSequence;I)I @ 2 c2
Event: 1.217 Thread 0x0000018e4e557a50 DEOPT PACKING pc=0x0000018e3c90ca30 sp=0x000000677f4fd080
Event: 1.217 Thread 0x0000018e4e557a50 DEOPT UNPACKING pc=0x0000018e3c3c9d22 sp=0x000000677f4fd018 mode 2
Event: 1.217 Thread 0x0000018e4e557a50 Uncommon trap: trap_request=0xffffffde fr.pc=0x0000018e3c90ca30 relative=0x00000000000000b0
Event: 1.217 Thread 0x0000018e4e557a50 Uncommon trap: reason=class_check action=maybe_recompile pc=0x0000018e3c90ca30 method=java.lang.Character.codePointAt(Ljava/lang/CharSequence;I)I @ 2 c2
Event: 1.217 Thread 0x0000018e4e557a50 DEOPT PACKING pc=0x0000018e3c90ca30 sp=0x000000677f4fd080
Event: 1.217 Thread 0x0000018e4e557a50 DEOPT UNPACKING pc=0x0000018e3c3c9d22 sp=0x000000677f4fd018 mode 2
Event: 1.217 Thread 0x0000018e4e557a50 Uncommon trap: trap_request=0xffffffde fr.pc=0x0000018e3c90ca30 relative=0x00000000000000b0
Event: 1.217 Thread 0x0000018e4e557a50 Uncommon trap: reason=class_check action=maybe_recompile pc=0x0000018e3c90ca30 method=java.lang.Character.codePointAt(Ljava/lang/CharSequence;I)I @ 2 c2
Event: 1.217 Thread 0x0000018e4e557a50 DEOPT PACKING pc=0x0000018e3c90ca30 sp=0x000000677f4fd080
Event: 1.217 Thread 0x0000018e4e557a50 DEOPT UNPACKING pc=0x0000018e3c3c9d22 sp=0x000000677f4fd018 mode 2

Classes loaded (20 events):
Event: 1.214 Loading class sun/util/locale/provider/BaseLocaleDataMetaInfo
Event: 1.214 Loading class sun/util/locale/provider/BaseLocaleDataMetaInfo done
Event: 1.215 Loading class sun/util/locale/provider/BreakIteratorProviderImpl$GraphemeBreakIterator
Event: 1.216 Loading class sun/util/locale/provider/BreakIteratorProviderImpl$GraphemeBreakIterator done
Event: 1.216 Loading class java/text/StringCharacterIterator
Event: 1.216 Loading class java/text/StringCharacterIterator done
Event: 1.216 Loading class sun/util/locale/provider/BreakIteratorProviderImpl$CharacterIteratorCharSequence
Event: 1.216 Loading class sun/util/locale/provider/BreakIteratorProviderImpl$CharacterIteratorCharSequence done
Event: 1.216 Loading class java/text/BreakIterator$BreakIteratorCache
Event: 1.216 Loading class java/text/BreakIterator$BreakIteratorCache done
Event: 1.216 Loading class jdk/internal/util/regex/Grapheme
Event: 1.216 Loading class jdk/internal/util/regex/Grapheme done
Event: 1.258 Loading class java/util/WeakHashMap$EntrySet
Event: 1.258 Loading class java/util/WeakHashMap$EntrySet done
Event: 1.258 Loading class java/util/WeakHashMap$EntryIterator
Event: 1.258 Loading class java/util/WeakHashMap$EntryIterator done
Event: 1.318 Loading class java/lang/Throwable$WrappedPrintStream
Event: 1.318 Loading class java/lang/Throwable$PrintStreamOrWriter
Event: 1.318 Loading class java/lang/Throwable$PrintStreamOrWriter done
Event: 1.318 Loading class java/lang/Throwable$WrappedPrintStream done

Classes unloaded (0 events):
No events

Classes redefined (0 events):
No events

Internal exceptions (20 events):
Event: 0.797 Thread 0x0000018e4e557a50 Exception <a 'java/lang/NoSuchMethodError'{0x0000000090354478}: 'int java.lang.invoke.DirectMethodHandle$Holder.invokeSpecial(java.lang.Object, java.lang.Object, java.lang.Object, int)'> (0x0000000090354478) 
thrown [s\open\src\hotspot\share\interpreter\linkResolver.cpp, line 773]
Event: 0.798 Thread 0x0000018e4e557a50 Exception <a 'java/lang/NoSuchMethodError'{0x000000009035e350}: 'void java.lang.invoke.DelegatingMethodHandle$Holder.reinvoke_L(java.lang.Object, java.lang.Object, int)'> (0x000000009035e350) 
thrown [s\open\src\hotspot\share\interpreter\linkResolver.cpp, line 773]
Event: 0.798 Thread 0x0000018e4e557a50 Exception <a 'java/lang/NoSuchMethodError'{0x0000000090361d78}: 'int java.lang.invoke.DirectMethodHandle$Holder.invokeSpecial(java.lang.Object, java.lang.Object, java.lang.Object)'> (0x0000000090361d78) 
thrown [s\open\src\hotspot\share\interpreter\linkResolver.cpp, line 773]
Event: 0.862 Thread 0x0000018e4e557a50 Exception <a 'java/io/FileNotFoundException'{0x00000000900c6220}> (0x00000000900c6220) 
thrown [s\open\src\hotspot\share\prims\jni.cpp, line 519]
Event: 0.887 Thread 0x0000018e4e557a50 Implicit null exception at 0x0000018e3c9867fa to 0x0000018e3c9869f4
Event: 0.887 Thread 0x0000018e4e557a50 Implicit null exception at 0x0000018e3c9851fa to 0x0000018e3c9853f4
Event: 0.888 Thread 0x0000018e4e557a50 Implicit null exception at 0x0000018e3c91f49d to 0x0000018e3c91f519
Event: 0.924 Thread 0x0000018e4e557a50 Implicit null exception at 0x0000018e3c98a474 to 0x0000018e3c98aac0
Event: 0.961 Thread 0x0000018e4e557a50 Exception <a 'java/lang/ClassNotFoundException'{0x0000000091c1c470}: com/sun/javafx/scene/control/skin/resources/controls> (0x0000000091c1c470) 
thrown [s\open\src\hotspot\share\prims\jni.cpp, line 538]
Event: 0.962 Thread 0x0000018e4e557a50 Exception <a 'java/lang/ClassNotFoundException'{0x0000000091c2a6d8}: com/sun/javafx/scene/control/skin/resources/controls_fr> (0x0000000091c2a6d8) 
thrown [s\open\src\hotspot\share\prims\jni.cpp, line 538]
Event: 0.962 Thread 0x0000018e4e557a50 Exception <a 'java/lang/ClassNotFoundException'{0x0000000091c38248}: com/sun/javafx/scene/control/skin/resources/controls_fr_FR> (0x0000000091c38248) 
thrown [s\open\src\hotspot\share\prims\jni.cpp, line 538]
Event: 0.972 Thread 0x0000018e4e557a50 Exception <a 'java/lang/NoSuchMethodError'{0x0000000091cee370}: 'java.lang.Object java.lang.invoke.DirectMethodHandle$Holder.invokeInterface(java.lang.Object, java.lang.Object, java.lang.Object)'> (0x0000000091cee370) 
thrown [s\open\src\hotspot\share\interpreter\linkResolver.cpp, line 773]
Event: 0.972 Thread 0x0000018e4e557a50 Exception <a 'java/lang/IncompatibleClassChangeError'{0x0000000091cf1758}: Found class java.lang.Object, but interface was expected> (0x0000000091cf1758) 
thrown [s\open\src\hotspot\share\interpreter\linkResolver.cpp, line 840]
Event: 1.020 Thread 0x0000018e4e557a50 Exception <a 'java/lang/NoSuchMethodError'{0x0000000091823ab8}: 'int java.lang.invoke.DirectMethodHandle$Holder.invokeVirtual(java.lang.Object, java.lang.Object)'> (0x0000000091823ab8) 
thrown [s\open\src\hotspot\share\interpreter\linkResolver.cpp, line 773]
Event: 1.057 Thread 0x0000018e4e557a50 Exception <a 'java/lang/NoSuchMethodError'{0x00000000917f4a98}: 'int java.lang.invoke.DirectMethodHandle$Holder.invokeSpecial(java.lang.Object, java.lang.Object, int)'> (0x00000000917f4a98) 
thrown [s\open\src\hotspot\share\interpreter\linkResolver.cpp, line 773]
Event: 1.113 Thread 0x0000018e4e557a50 Exception <a 'java/lang/NoSuchMethodError'{0x000000009135b628}: 'void java.lang.invoke.DirectMethodHandle$Holder.invokeSpecial(java.lang.Object, java.lang.Object, java.lang.Object, java.lang.Object, java.lang.Object, java.lang.Object)'> (0x000000009135b628) 
thrown [s\open\src\hotspot\share\interpreter\linkResolver.cpp, line 773]
Event: 1.233 Thread 0x0000018e4e557a50 Exception <a 'java/lang/NoSuchMethodError'{0x0000000090c32590}: 'java.lang.Object java.lang.invoke.DirectMethodHandle$Holder.newInvokeSpecial(java.lang.Object, java.lang.Object, int)'> (0x0000000090c32590) 
thrown [s\open\src\hotspot\share\interpreter\linkResolver.cpp, line 773]
Event: 1.295 Thread 0x0000018e4e1a3a60 Exception <a 'java/lang/NoSuchMethodError'{0x0000000090a8d5a8}: 'int java.lang.invoke.DirectMethodHandle$Holder.invokeStaticInit(java.lang.Object, java.lang.Object)'> (0x0000000090a8d5a8) 
thrown [s\open\src\hotspot\share\interpreter\linkResolver.cpp, line 773]
Event: 1.308 Thread 0x0000018e4e1a3a60 Exception <a 'java/lang/NoSuchMethodError'{0x00000000909435b0}: 'java.lang.Object java.lang.invoke.Invokers$Holder.invokeExact_MT(java.lang.Object, java.lang.Object, java.lang.Object, java.lang.Object, java.lang.Object)'> (0x00000000909435b0) 
thrown [s\open\src\hotspot\share\interpreter\linkResolver.cpp, line 773]
Event: 1.312 Thread 0x0000018e4e1a3a60 Exception <a 'java/lang/NoSuchMethodError'{0x000000009096bbf0}: 'java.lang.Object java.lang.invoke.DirectMethodHandle$Holder.invokeStaticInit(java.lang.Object, int)'> (0x000000009096bbf0) 
thrown [s\open\src\hotspot\share\interpreter\linkResolver.cpp, line 773]

VM Operations (20 events):
Event: 0.442 Executing VM operation: HandshakeAllThreads
Event: 0.443 Executing VM operation: HandshakeAllThreads done
Event: 0.453 Executing VM operation: HandshakeAllThreads
Event: 0.453 Executing VM operation: HandshakeAllThreads done
Event: 0.465 Executing VM operation: HandshakeAllThreads
Event: 0.465 Executing VM operation: HandshakeAllThreads done
Event: 0.513 Executing VM operation: HandshakeAllThreads
Event: 0.513 Executing VM operation: HandshakeAllThreads done
Event: 0.683 Executing VM operation: ICBufferFull
Event: 0.683 Executing VM operation: ICBufferFull done
Event: 0.713 Executing VM operation: HandshakeAllThreads
Event: 0.713 Executing VM operation: HandshakeAllThreads done
Event: 0.946 Executing VM operation: G1CollectForAllocation
Event: 0.949 Executing VM operation: G1CollectForAllocation done
Event: 1.068 Executing VM operation: ICBufferFull
Event: 1.069 Executing VM operation: ICBufferFull done
Event: 1.111 Executing VM operation: HandshakeAllThreads
Event: 1.111 Executing VM operation: HandshakeAllThreads done
Event: 1.221 Executing VM operation: ICBufferFull
Event: 1.221 Executing VM operation: ICBufferFull done

Events (20 events):
Event: 0.011 Thread 0x0000018e2ab6e7a0 Thread added: 0x0000018e2ab6e7a0
Event: 0.020 Thread 0x0000018e4985d500 Thread added: 0x0000018e4985d500
Event: 0.020 Thread 0x0000018e4985e5b0 Thread added: 0x0000018e4985e5b0
Event: 0.020 Thread 0x0000018e498637b0 Thread added: 0x0000018e498637b0
Event: 0.020 Thread 0x0000018e498640f0 Thread added: 0x0000018e498640f0
Event: 0.021 Thread 0x0000018e49866310 Thread added: 0x0000018e49866310
Event: 0.021 Thread 0x0000018e4988bc50 Thread added: 0x0000018e4988bc50
Event: 0.021 Thread 0x0000018e498911b0 Thread added: 0x0000018e498911b0
Event: 0.021 Thread 0x0000018e49896950 Thread added: 0x0000018e49896950
Event: 0.046 Thread 0x0000018e4dcc35f0 Thread added: 0x0000018e4dcc35f0
Event: 0.075 Thread 0x0000018e49894260 Thread added: 0x0000018e49894260
Event: 0.076 Thread 0x0000018e49895e30 Thread added: 0x0000018e49895e30
Event: 0.102 Thread 0x0000018e4e0eb3d0 Thread added: 0x0000018e4e0eb3d0
Event: 0.264 Thread 0x0000018e4e1a3a60 Thread added: 0x0000018e4e1a3a60
Event: 0.320 Thread 0x0000018e4e552410 Thread added: 0x0000018e4e552410
Event: 0.322 Thread 0x0000018e4e557a50 Thread added: 0x0000018e4e557a50
Event: 0.368 Thread 0x0000018e4e69cd70 Thread added: 0x0000018e4e69cd70
Event: 0.381 Thread 0x0000018e4e69b2e0 Thread added: 0x0000018e4e69b2e0
Event: 0.440 Thread 0x0000018e4e69a2f0 Thread added: 0x0000018e4e69a2f0
Event: 0.786 Thread 0x0000018e4e69bd80 Thread added: 0x0000018e4e69bd80


Dynamic libraries:
0x00007ff6a68a0000 - 0x00007ff6a68b0000 	C:\Program Files\Java\jdk-20\bin\java.exe
0x00007ffb62410000 - 0x00007ffb62626000 	C:\WINDOWS\SYSTEM32\ntdll.dll
0x00007ffb611f0000 - 0x00007ffb612b4000 	C:\WINDOWS\System32\KERNEL32.DLL
0x00007ffb5fc30000 - 0x00007ffb5ffd7000 	C:\WINDOWS\System32\KERNELBASE.dll
0x00007ffb5fae0000 - 0x00007ffb5fbf1000 	C:\WINDOWS\System32\ucrtbase.dll
0x00007ffb4a210000 - 0x00007ffb4a22b000 	C:\Program Files\Java\jdk-20\bin\VCRUNTIME140.dll
0x00007ffb4a1d0000 - 0x00007ffb4a1e9000 	C:\Program Files\Java\jdk-20\bin\jli.dll
0x00007ffb61570000 - 0x00007ffb61622000 	C:\WINDOWS\System32\ADVAPI32.dll
0x00007ffb612c0000 - 0x00007ffb61367000 	C:\WINDOWS\System32\msvcrt.dll
0x00007ffb618d0000 - 0x00007ffb61978000 	C:\WINDOWS\System32\sechost.dll
0x00007ffb5ffe0000 - 0x00007ffb60008000 	C:\WINDOWS\System32\bcrypt.dll
0x00007ffb60ea0000 - 0x00007ffb60fb5000 	C:\WINDOWS\System32\RPCRT4.dll
0x00007ffb61a60000 - 0x00007ffb61c0e000 	C:\WINDOWS\System32\USER32.dll
0x00007ffb5fc00000 - 0x00007ffb5fc26000 	C:\WINDOWS\System32\win32u.dll
0x00007ffb402c0000 - 0x00007ffb40553000 	C:\WINDOWS\WinSxS\amd64_microsoft.windows.common-controls_6595b64144ccf1df_6.0.22621.3235_none_270f74e173860f98\COMCTL32.dll
0x00007ffb61a30000 - 0x00007ffb61a59000 	C:\WINDOWS\System32\GDI32.dll
0x00007ffb5f730000 - 0x00007ffb5f849000 	C:\WINDOWS\System32\gdi32full.dll
0x00007ffb5f9c0000 - 0x00007ffb5fa5a000 	C:\WINDOWS\System32\msvcp_win.dll
0x00007ffb57630000 - 0x00007ffb5763a000 	C:\WINDOWS\SYSTEM32\VERSION.dll
0x00007ffb61370000 - 0x00007ffb613a1000 	C:\WINDOWS\System32\IMM32.DLL
0x00007ffb4b6c0000 - 0x00007ffb4b6cc000 	C:\Program Files\Java\jdk-20\bin\vcruntime140_1.dll
0x00007ffb17df0000 - 0x00007ffb17e7e000 	C:\Program Files\Java\jdk-20\bin\msvcp140.dll
0x00007ffacd2d0000 - 0x00007ffacdf67000 	C:\Program Files\Java\jdk-20\bin\server\jvm.dll
0x00007ffb58790000 - 0x00007ffb587c4000 	C:\WINDOWS\SYSTEM32\WINMM.dll
0x00007ffb4b460000 - 0x00007ffb4b469000 	C:\WINDOWS\SYSTEM32\WSOCK32.dll
0x00007ffb61ec0000 - 0x00007ffb61f31000 	C:\WINDOWS\System32\WS2_32.dll
0x00007ffb5e730000 - 0x00007ffb5e748000 	C:\WINDOWS\SYSTEM32\kernel.appcore.dll
0x00007ffb4b3e0000 - 0x00007ffb4b3ea000 	C:\Program Files\Java\jdk-20\bin\jimage.dll
0x00007ffb53cc0000 - 0x00007ffb53ef3000 	C:\WINDOWS\SYSTEM32\DBGHELP.DLL
0x00007ffb60140000 - 0x00007ffb604c8000 	C:\WINDOWS\System32\combase.dll
0x00007ffb61630000 - 0x00007ffb61707000 	C:\WINDOWS\System32\OLEAUT32.dll
0x00007ffb34d90000 - 0x00007ffb34dc2000 	C:\WINDOWS\SYSTEM32\dbgcore.DLL
0x00007ffb5fa60000 - 0x00007ffb5fad9000 	C:\WINDOWS\System32\bcryptPrimitives.dll
0x00007ffb49ec0000 - 0x00007ffb49ee6000 	C:\Program Files\Java\jdk-20\bin\java.dll
0x00007ffb14870000 - 0x00007ffb14947000 	C:\Program Files\Java\jdk-20\bin\jsvml.dll
0x00007ffb60610000 - 0x00007ffb60e6c000 	C:\WINDOWS\System32\SHELL32.dll
0x00007ffb5d640000 - 0x00007ffb5df39000 	C:\WINDOWS\SYSTEM32\windows.storage.dll
0x00007ffb5d500000 - 0x00007ffb5d63e000 	C:\WINDOWS\SYSTEM32\wintypes.dll
0x00007ffb61cc0000 - 0x00007ffb61db3000 	C:\WINDOWS\System32\SHCORE.dll
0x00007ffb61030000 - 0x00007ffb6108e000 	C:\WINDOWS\System32\shlwapi.dll
0x00007ffb5f660000 - 0x00007ffb5f681000 	C:\WINDOWS\SYSTEM32\profapi.dll
0x00007ffb49e80000 - 0x00007ffb49e93000 	C:\Program Files\Java\jdk-20\bin\net.dll
0x00007ffb59450000 - 0x00007ffb59586000 	C:\WINDOWS\SYSTEM32\WINHTTP.dll
0x00007ffb5eba0000 - 0x00007ffb5ec09000 	C:\WINDOWS\system32\mswsock.dll
0x00007ffb48f60000 - 0x00007ffb48f76000 	C:\Program Files\Java\jdk-20\bin\nio.dll
0x00007ffb48460000 - 0x00007ffb48478000 	C:\Program Files\Java\jdk-20\bin\zip.dll
0x0000018e2cd30000 - 0x0000018e2cd33000 	C:\Users\HP\.openjfx\cache\21.0.2+5\amd64\api-ms-win-core-console-l1-1-0.dll
0x0000018e499e0000 - 0x0000018e499e3000 	C:\Users\HP\.openjfx\cache\21.0.2+5\amd64\api-ms-win-core-console-l1-2-0.dll
0x0000018e499f0000 - 0x0000018e499f3000 	C:\Users\HP\.openjfx\cache\21.0.2+5\amd64\api-ms-win-core-datetime-l1-1-0.dll
0x0000018e49a00000 - 0x0000018e49a03000 	C:\Users\HP\.openjfx\cache\21.0.2+5\amd64\api-ms-win-core-debug-l1-1-0.dll
0x0000018e49a10000 - 0x0000018e49a13000 	C:\Users\HP\.openjfx\cache\21.0.2+5\amd64\api-ms-win-core-errorhandling-l1-1-0.dll
0x0000018e49a20000 - 0x0000018e49a24000 	C:\Users\HP\.openjfx\cache\21.0.2+5\amd64\api-ms-win-core-file-l1-1-0.dll
0x0000018e49a30000 - 0x0000018e49a33000 	C:\Users\HP\.openjfx\cache\21.0.2+5\amd64\api-ms-win-core-file-l1-2-0.dll
0x0000018e49a40000 - 0x0000018e49a43000 	C:\Users\HP\.openjfx\cache\21.0.2+5\amd64\api-ms-win-core-file-l2-1-0.dll
0x0000018e49a50000 - 0x0000018e49a53000 	C:\Users\HP\.openjfx\cache\21.0.2+5\amd64\api-ms-win-core-handle-l1-1-0.dll
0x0000018e49a60000 - 0x0000018e49a63000 	C:\Users\HP\.openjfx\cache\21.0.2+5\amd64\api-ms-win-core-heap-l1-1-0.dll
0x0000018e49a70000 - 0x0000018e49a73000 	C:\Users\HP\.openjfx\cache\21.0.2+5\amd64\api-ms-win-core-interlocked-l1-1-0.dll
0x0000018e49a80000 - 0x0000018e49a83000 	C:\Users\HP\.openjfx\cache\21.0.2+5\amd64\api-ms-win-core-libraryloader-l1-1-0.dll
0x0000018e49a90000 - 0x0000018e49a93000 	C:\Users\HP\.openjfx\cache\21.0.2+5\amd64\api-ms-win-core-localization-l1-2-0.dll
0x0000018e49aa0000 - 0x0000018e49aa3000 	C:\Users\HP\.openjfx\cache\21.0.2+5\amd64\api-ms-win-core-memory-l1-1-0.dll
0x0000018e49ab0000 - 0x0000018e49ab3000 	C:\Users\HP\.openjfx\cache\21.0.2+5\amd64\api-ms-win-core-namedpipe-l1-1-0.dll
0x0000018e49ac0000 - 0x0000018e49ac3000 	C:\Users\HP\.openjfx\cache\21.0.2+5\amd64\api-ms-win-core-processenvironment-l1-1-0.dll
0x0000018e49ad0000 - 0x0000018e49ad3000 	C:\Users\HP\.openjfx\cache\21.0.2+5\amd64\api-ms-win-core-processthreads-l1-1-0.dll
0x0000018e49ae0000 - 0x0000018e49ae3000 	C:\Users\HP\.openjfx\cache\21.0.2+5\amd64\api-ms-win-core-processthreads-l1-1-1.dll
0x0000018e49af0000 - 0x0000018e49af3000 	C:\Users\HP\.openjfx\cache\21.0.2+5\amd64\api-ms-win-core-profile-l1-1-0.dll
0x0000018e49b00000 - 0x0000018e49b03000 	C:\Users\HP\.openjfx\cache\21.0.2+5\amd64\api-ms-win-core-rtlsupport-l1-1-0.dll
0x0000018e49b10000 - 0x0000018e49b13000 	C:\Users\HP\.openjfx\cache\21.0.2+5\amd64\api-ms-win-core-string-l1-1-0.dll
0x0000018e49b20000 - 0x0000018e49b23000 	C:\Users\HP\.openjfx\cache\21.0.2+5\amd64\api-ms-win-core-synch-l1-1-0.dll
0x0000018e49b30000 - 0x0000018e49b33000 	C:\Users\HP\.openjfx\cache\21.0.2+5\amd64\api-ms-win-core-synch-l1-2-0.dll
0x0000018e49b40000 - 0x0000018e49b43000 	C:\Users\HP\.openjfx\cache\21.0.2+5\amd64\api-ms-win-core-sysinfo-l1-1-0.dll
0x0000018e49b50000 - 0x0000018e49b53000 	C:\Users\HP\.openjfx\cache\21.0.2+5\amd64\api-ms-win-core-timezone-l1-1-0.dll
0x0000018e49b60000 - 0x0000018e49b63000 	C:\Users\HP\.openjfx\cache\21.0.2+5\amd64\api-ms-win-core-util-l1-1-0.dll
0x0000018e49b70000 - 0x0000018e49b73000 	C:\Users\HP\.openjfx\cache\21.0.2+5\amd64\api-ms-win-crt-conio-l1-1-0.dll
0x0000018e49b80000 - 0x0000018e49b84000 	C:\Users\HP\.openjfx\cache\21.0.2+5\amd64\api-ms-win-crt-convert-l1-1-0.dll
0x0000018e49b90000 - 0x0000018e49b93000 	C:\Users\HP\.openjfx\cache\21.0.2+5\amd64\api-ms-win-crt-environment-l1-1-0.dll
0x0000018e49ba0000 - 0x0000018e49ba3000 	C:\Users\HP\.openjfx\cache\21.0.2+5\amd64\api-ms-win-crt-filesystem-l1-1-0.dll
0x0000018e49bb0000 - 0x0000018e49bb3000 	C:\Users\HP\.openjfx\cache\21.0.2+5\amd64\api-ms-win-crt-heap-l1-1-0.dll
0x0000018e49bc0000 - 0x0000018e49bc3000 	C:\Users\HP\.openjfx\cache\21.0.2+5\amd64\api-ms-win-crt-locale-l1-1-0.dll
0x0000018e49bd0000 - 0x0000018e49bd5000 	C:\Users\HP\.openjfx\cache\21.0.2+5\amd64\api-ms-win-crt-math-l1-1-0.dll
0x0000018e49be0000 - 0x0000018e49be5000 	C:\Users\HP\.openjfx\cache\21.0.2+5\amd64\api-ms-win-crt-multibyte-l1-1-0.dll
0x0000018e49bf0000 - 0x0000018e49c00000 	C:\Users\HP\.openjfx\cache\21.0.2+5\amd64\api-ms-win-crt-private-l1-1-0.dll
0x0000018e4e800000 - 0x0000018e4e803000 	C:\Users\HP\.openjfx\cache\21.0.2+5\amd64\api-ms-win-crt-process-l1-1-0.dll
0x0000018e4e810000 - 0x0000018e4e814000 	C:\Users\HP\.openjfx\cache\21.0.2+5\amd64\api-ms-win-crt-runtime-l1-1-0.dll
0x0000018e4e820000 - 0x0000018e4e824000 	C:\Users\HP\.openjfx\cache\21.0.2+5\amd64\api-ms-win-crt-stdio-l1-1-0.dll
0x0000018e4e830000 - 0x0000018e4e834000 	C:\Users\HP\.openjfx\cache\21.0.2+5\amd64\api-ms-win-crt-string-l1-1-0.dll
0x0000018e4e840000 - 0x0000018e4e843000 	C:\Users\HP\.openjfx\cache\21.0.2+5\amd64\api-ms-win-crt-time-l1-1-0.dll
0x0000018e4e850000 - 0x0000018e4e853000 	C:\Users\HP\.openjfx\cache\21.0.2+5\amd64\api-ms-win-crt-utility-l1-1-0.dll
0x00007ffb13cd0000 - 0x00007ffb13dcc000 	C:\Users\HP\.openjfx\cache\21.0.2+5\amd64\ucrtbase.dll
0x00007ffb482d0000 - 0x00007ffb482eb000 	C:\Users\HP\.openjfx\cache\21.0.2+5\amd64\vcruntime140.dll
0x00007ffb4a1c0000 - 0x00007ffb4a1cc000 	C:\Users\HP\.openjfx\cache\21.0.2+5\amd64\vcruntime140_1.dll
0x00007ffb17840000 - 0x00007ffb178ce000 	C:\Users\HP\.openjfx\cache\21.0.2+5\amd64\msvcp140.dll
0x00007ffb49eb0000 - 0x00007ffb49eb9000 	C:\Users\HP\.openjfx\cache\21.0.2+5\amd64\msvcp140_1.dll
0x00007ffb48280000 - 0x00007ffb482c1000 	C:\Users\HP\.openjfx\cache\21.0.2+5\amd64\msvcp140_2.dll
0x00007ffb30110000 - 0x00007ffb30140000 	C:\Users\HP\.openjfx\cache\21.0.2+5\amd64\prism_d3d.dll
0x00007ffb0e120000 - 0x00007ffb0e2c9000 	C:\WINDOWS\system32\d3d9.dll
0x00007ffb5ce90000 - 0x00007ffb5cebb000 	C:\WINDOWS\SYSTEM32\dwmapi.dll
0x00007ffb5cd40000 - 0x00007ffb5cd79000 	C:\WINDOWS\SYSTEM32\dxcore.dll
0x00007ffb5cc60000 - 0x00007ffb5cd0b000 	C:\WINDOWS\system32\uxtheme.dll
0x00007ffb568a0000 - 0x00007ffb56a5b000 	C:\WINDOWS\System32\DriverStore\FileRepository\u0382799.inf_amd64_a513539812d0ae28\B382816\aticfx64.dll
0x00007ffafa800000 - 0x00007ffafa834000 	C:\WINDOWS\System32\DriverStore\FileRepository\u0382799.inf_amd64_a513539812d0ae28\B382816\atiu9p64.dll
0x00007ffaea5a0000 - 0x00007ffaeb2f5000 	C:\WINDOWS\System32\DriverStore\FileRepository\u0382799.inf_amd64_a513539812d0ae28\B382816\atiumd64.dll
0x00007ffb61710000 - 0x00007ffb618b5000 	C:\WINDOWS\System32\ole32.dll
0x0000000067830000 - 0x0000000068756000 	C:\WINDOWS\System32\DriverStore\FileRepository\u0382799.inf_amd64_a513539812d0ae28\B382816\atiumd6a.dll
0x00007ffb61f50000 - 0x00007ffb623c4000 	C:\WINDOWS\System32\SETUPAPI.dll
0x00007ffb5f600000 - 0x00007ffb5f64d000 	C:\WINDOWS\SYSTEM32\POWRPROF.dll
0x00007ffb5f5e0000 - 0x00007ffb5f5f3000 	C:\WINDOWS\SYSTEM32\UMPDC.dll
0x00007ffb566d0000 - 0x00007ffb56705000 	C:\WINDOWS\SYSTEM32\amdihk64.dll
0x00007ffb596e0000 - 0x00007ffb5972a000 	C:\WINDOWS\SYSTEM32\directxdatabasehelper.dll
0x00007ffa7a280000 - 0x00007ffa7c04f000 	C:\WINDOWS\System32\DriverStore\FileRepository\u0382799.inf_amd64_a513539812d0ae28\B382816\amdxn64.dll
0x00007ffb5cd80000 - 0x00007ffb5ce78000 	C:\WINDOWS\SYSTEM32\dxgi.dll
0x00007ffb28590000 - 0x00007ffb285d2000 	C:\Users\HP\.openjfx\cache\21.0.2+5\amd64\glass.dll
0x00007ffb61dc0000 - 0x00007ffb61eb9000 	C:\WINDOWS\System32\COMDLG32.dll
0x00007ffb61090000 - 0x00007ffb611e3000 	C:\WINDOWS\System32\MSCTF.dll
0x00007ffb48f50000 - 0x00007ffb48f57000 	C:\Program Files\Java\jdk-20\bin\extnet.dll
0x00007ffb452f0000 - 0x00007ffb45304000 	C:\Users\HP\.openjfx\cache\21.0.2+5\amd64\javafx_font.dll
0x00007ffb5bc30000 - 0x00007ffb5bea4000 	C:\WINDOWS\SYSTEM32\dwrite.dll
0x00007ffb61980000 - 0x00007ffb61a30000 	C:\WINDOWS\System32\clbcatq.dll
0x00007ffb5b490000 - 0x00007ffb5b640000 	C:\WINDOWS\SYSTEM32\WindowsCodecs.dll
0x00007ffb36d30000 - 0x00007ffb36d8e000 	C:\WINDOWS\system32\dataexchange.dll
0x00007ffb577a0000 - 0x00007ffb57a2e000 	C:\WINDOWS\system32\twinapi.appcore.dll
0x00007ffb1f620000 - 0x00007ffb1f652000 	C:\Program Files\Common Files\Microsoft Shared\Ink\rtscom.dll
0x00007ffb49a60000 - 0x00007ffb49baa000 	C:\WINDOWS\SYSTEM32\textinputframework.dll
0x00007ffb5c780000 - 0x00007ffb5c8b4000 	C:\WINDOWS\SYSTEM32\CoreMessaging.dll
0x00007ffb58b60000 - 0x00007ffb58ecc000 	C:\WINDOWS\SYSTEM32\CoreUIComponents.dll
0x00007ffb5edf0000 - 0x00007ffb5edfc000 	C:\WINDOWS\SYSTEM32\CRYPTBASE.DLL

dbghelp: loaded successfully - version: 4.0.5 - missing functions: none
symbol engine: initialized successfully - sym options: 0x614 - pdb path: .;C:\Program Files\Java\jdk-20\bin;C:\WINDOWS\SYSTEM32;C:\WINDOWS\WinSxS\amd64_microsoft.windows.common-controls_6595b64144ccf1df_6.0.22621.3235_none_270f74e173860f98;C:\Program Files\Java\jdk-20\bin\server;C:\Users\HP\.openjfx\cache\21.0.2+5\amd64;C:\WINDOWS\System32\DriverStore\FileRepository\u0382799.inf_amd64_a513539812d0ae28\B382816;C:\Program Files\Common Files\Microsoft Shared\Ink

VM Arguments:
jvm_args: --module-path=C:\Users\HP\.m2\repository\org\openjfx\javafx-base\21.0.2\javafx-base-21.0.2-win.jar;C:\Users\HP\.m2\repository\org\openjfx\javafx-base\21.0.2\javafx-base-21.0.2.jar;C:\Users\HP\.m2\repository\org\openjfx\javafx-controls\21.0.2\javafx-controls-21.0.2-win.jar;C:\Users\HP\.m2\repository\org\openjfx\javafx-controls\21.0.2\javafx-controls-21.0.2.jar;C:\Users\HP\.m2\repository\org\openjfx\javafx-fxml\21.0.2\javafx-fxml-21.0.2-win.jar;C:\Users\HP\.m2\repository\org\openjfx\javafx-fxml\21.0.2\javafx-fxml-21.0.2.jar;C:\Users\HP\.m2\repository\org\openjfx\javafx-graphics\21.0.2\javafx-graphics-21.0.2-win.jar;C:\Users\HP\.m2\repository\org\openjfx\javafx-graphics\21.0.2\javafx-graphics-21.0.2.jar --add-modules=javafx.base,javafx.controls,javafx.fxml,javafx.graphics 
java_command: tests.tn.esprit.MainFX
java_class_path (initial): C:\Users\HP\Desktop\Appaxis innovations\resQfood5\target\classes;C:\Users\HP\.m2\repository\com\fasterxml\jackson\core\jackson-annotations\2.12.5\jackson-annotations-2.12.5.jar;C:\Users\HP\.m2\repository\com\fasterxml\jackson\core\jackson-core\2.12.5\jackson-core-2.12.5.jar;C:\Users\HP\.m2\repository\com\fasterxml\jackson\core\jackson-databind\2.12.5\jackson-databind-2.12.5.jar;C:\Users\HP\.m2\repository\com\fasterxml\jackson\datatype\jackson-datatype-jsr310\2.12.5\jackson-datatype-jsr310-2.12.5.jar;C:\Users\HP\.m2\repository\com\google\code\gson\gson\2.8.9\gson-2.8.9.jar;C:\Users\HP\.m2\repository\com\google\protobuf\protobuf-java\3.21.9\protobuf-java-3.21.9.jar;C:\Users\HP\.m2\repository\com\itextpdf\itextpdf\5.5.13.3\itextpdf-5.5.13.3.jar;C:\Users\HP\.m2\repository\com\mysql\mysql-connector-j\8.0.33\mysql-connector-j-8.0.33.jar;C:\Users\HP\.m2\repository\com\squareup\okhttp3\okhttp\4.12.0\okhttp-4.12.0.jar;C:\Users\HP\.m2\repository\com\squareup\okio\okio\3.6.0\okio-3.6.0.jar;C:\Users\HP\.m2\repository\com\squareup\okio\okio-jvm\3.6.0\okio-jvm-3.6.0.jar;C:\Users\HP\.m2\repository\com\twilio\sdk\twilio\8.21.0\twilio-8.21.0.jar;C:\Users\HP\.m2\repository\commons-codec\commons-codec\1.15\commons-codec-1.15.jar;C:\Users\HP\.m2\repository\commons-io\commons-io\2.7\commons-io-2.7.jar;C:\Users\HP\.m2\repository\commons-logging\commons-logging\1.2\commons-logging-1.2.jar;C:\Users\HP\.m2\repository\io\jsonwebtoken\jjwt-api\0.11.2\jjwt-api-0.11.2.jar;C:\Users\HP\.m2\repository\io\jsonwebtoken\jjwt-impl\0.11.2\jjwt-impl-0.11.2.jar;C:\Users\HP\.m2\repository\io\jsonwebtoken\jjwt-jackson\0.11.2\jjwt-jackson-0.11.2.jar;C:\Users\HP\.m2\repository\javax\activation\javax.activation-api\1.2.0\javax.activation-api-1.2.0.jar;C:\Users\HP\.m2\repository\javax\xml\bind\jaxb-api\2.3.1\jaxb-api-2.3.1.jar;C:\Users\HP\.m2\repository\org\apache\httpcomponents\httpclient\4.5.13\httpclient-4.5.13.jar;C:\Users\HP\.m2\repository\org\apache\httpcomponents\httpcore\4.4.13\httpcore-4.4.13.jar;C:\Users\HP\.m2\repository\org\controlsfx\controlsfx\11.1.2\controlsfx-11.1.2.jar;C:\Users\HP\.m2\repository\org\jetbrains\annotations\13.0\annotations-13.0.jar;C:\Users\HP\.m2\repository\org\jetbrains\kotlin\kotlin-stdlib\1.8.21\kotlin-stdlib-1.8.21.jar;C:\Users\HP\.m2\repository\org\jetbrains\kotlin\kotlin-stdlib-common\1.9.10\kotlin-stdlib-common-1.9.10.jar;C:\Users\HP\.m2\repository\org\jetbrains\kotlin\kotlin-stdlib-jdk7\1.8.21\kotlin-stdlib-jdk7-1.8.21.jar;C:\Users\HP\.m2\repository\org\jetbrains\kotlin\kotlin-stdlib-jdk8\1.8.21\kotlin-stdlib-jdk8-1.8.21.jar;C:\Users\HP\.m2\repository\org\slf4j\slf4j-api\1.7.30\slf4j-api-1.7.30.jar
Launcher Type: SUN_STANDARD

[Global flags]
     intx CICompilerCount                          = 4                                         {product} {ergonomic}
     uint ConcGCThreads                            = 3                                         {product} {ergonomic}
     uint G1ConcRefinementThreads                  = 10                                        {product} {ergonomic}
   size_t G1HeapRegionSize                         = 1048576                                   {product} {ergonomic}
    uintx GCDrainStackTargetSize                   = 64                                        {product} {ergonomic}
   size_t InitialHeapSize                          = 123731968                                 {product} {ergonomic}
   size_t MarkStackSize                            = 4194304                                   {product} {ergonomic}
   size_t MaxHeapSize                              = 1971322880                                {product} {ergonomic}
   size_t MaxNewSize                               = 1182793728                                {product} {ergonomic}
   size_t MinHeapDeltaBytes                        = 1048576                                   {product} {ergonomic}
   size_t MinHeapSize                              = 8388608                                   {product} {ergonomic}
    uintx NonNMethodCodeHeapSize                   = 5839372                                {pd product} {ergonomic}
    uintx NonProfiledCodeHeapSize                  = 122909434                              {pd product} {ergonomic}
    uintx ProfiledCodeHeapSize                     = 122909434                              {pd product} {ergonomic}
    uintx ReservedCodeCacheSize                    = 251658240                              {pd product} {ergonomic}
     bool SegmentedCodeCache                       = true                                      {product} {ergonomic}
   size_t SoftMaxHeapSize                          = 1971322880                             {manageable} {ergonomic}
     bool UseCompressedClassPointers               = true                           {product lp64_product} {ergonomic}
     bool UseCompressedOops                        = true                           {product lp64_product} {ergonomic}
     bool UseG1GC                                  = true                                      {product} {ergonomic}
     bool UseLargePagesIndividualAllocation        = false                                  {pd product} {ergonomic}

Logging:
Log output configuration:
 #0: stdout all=warning uptime,level,tags foldmultilines=false
 #1: stderr all=off uptime,level,tags foldmultilines=false

Environment Variables:
JAVA_HOME=C:\Program Files\Java\jdk-20
PATH=C:\Program Files (x86)\Common Files\Oracle\Java\javapath;C:\Program Files\Common Files\Oracle\Java\javapath;C:\oraclexe\app\oracle\product\11.2.0\server\bin;C:\WINDOWS\system32;C:\WINDOWS;C:\WINDOWS\System32\Wbem;C:\WINDOWS\System32\WindowsPowerShell\v1.0\;C:\WINDOWS\System32\OpenSSH\;C:\Strawberry\c\bin;C:\Strawberry\perl\site\bin;C:\Strawberry\perl\bin;C:\instantclient12_2;C:\oraclexe\app\oracle\admin\XE;C:\oraclexe;C:\Program Files (x86)\Git\cmd;C:\ProgramData\chocolatey\bin;C:\Program Files\nodejs\;C:\Users\HP\.jdks\jbr-17.0.8.1\bin;C:\composer;C:\Program Files (x86)\CodeBlocks\MinGW\bin;C:\Program Files (x86)\GnuWin32\bin;C:\Program Files\Microsoft SQL Server\150\Tools\Binn\;C:\Program Files\Microsoft SQL Server\Client SDK\ODBC\170\Tools\Binn\;C:\Program Files\dotnet\;C:\xampp\php;C:\Program Files\Docker\Docker\resources\bin;C:\Users\HP\Desktop\3eme\Pidev\apache-maven-3.9.6;C:\Users\HP\Downloads\apache-maven-3.9.6-bin\apache-maven-3.9.6\bin;C:\Users\HP\scoop\shims;C:\Users\HP\Downloads\jdk-20_windows-x64_bin.zip\jdk-20.0.1\bin;C:\Users\HP\AppData\Roaming\npm;C:\Users\HP\AppData\Local\Programs\Microsoft VS Code\bin;C:\Users\HP\AppData\Roaming\Composer\vendor\bin;C:\Users\HP\.dotnet\tools;C:\stripe_1.19.2_windows_x86_64\stripe.exe;C:\Users\HP\Desktop\3eme\Pidev\apache-maven-3.9.6;
USERNAME=HP
OS=Windows_NT
PROCESSOR_IDENTIFIER=AMD64 Family 25 Model 80 Stepping 0, AuthenticAMD
TMP=C:\Users\HP\AppData\Local\Temp
TEMP=C:\Users\HP\AppData\Local\Temp




---------------  S Y S T E M  ---------------

OS:
 Windows 11 , 64 bit Build 22621 (10.0.22621.3374)
OS uptime: 2 days 11:35 hours
Hyper-V role detected

CPU: total 12 (initial active 12) (12 cores per cpu, 2 threads per core) family 25 model 80 stepping 0 microcode 0x0, cx8, cmov, fxsr, ht, mmx, 3dnowpref, sse, sse2, sse3, ssse3, sse4a, sse4.1, sse4.2, popcnt, lzcnt, tsc, tscinvbit, avx, avx2, aes, erms, clmul, bmi1, bmi2, adx, sha, fma, vzeroupper, clflush, clflushopt, hv, rdtscp, rdpid, fsrm, f16c, cet_ss

Memory: 4k page, system-wide physical 7519M (520M free)
TotalPageFile size 17028M (AvailPageFile size 10M)
current process WorkingSet (physical memory assigned to process): 159M, peak: 159M
current process commit charge ("private bytes"): 292M, peak: 294M

vm_info: Java HotSpot(TM) 64-Bit Server VM (20+36-2344) for windows-amd64 JRE (20+36-2344), built on 2023-02-10T19:30:15Z by "mach5one" with MS VC++ 17.1 (VS2022)

END.
